# JRE version: Java(TM) SE Runtime Environment (17.0.12+8) (build 17.0.12+8-LTS-286)
# Java VM: Java HotSpot(TM) 64-Bit Server VM (17.0.12+8-LTS-286, mixed mode, sharing, tiered, compressed oops, compressed class ptrs, g1 gc, windows-amd64)
GC Precious Log:
 CPUs: 2 total, 2 available
 Memory: 3737M
 Large Page Support: Disabled
 NUMA Support: Disabled
 Compressed Oops: Enabled (32-bit)
 Heap Region Size: 1M
 Heap Min Capacity: 64M
 Heap Initial Capacity: 64M
 Heap Max Capacity: 64M
 Pre-touch: Disabled
 Parallel Workers: 2
 Concurrent Workers: 1
 Concurrent Refinement Workers: 2
 Periodic GC: Disabled
Heap:
 garbage-first heap   total 65536K, used 12928K [0x00000000fc000000, 0x0000000100000000)
  region size 1024K, 7 young (7168K), 5 survivors (5120K)
 Metaspace       used 9589K, committed 9792K, reserved 1114112K
  class space    used 1247K, committed 1344K, reserved 1048576K
GC Heap History (8 events):
Event: 2.972 GC heap before
{Heap before GC invocations=0 (full 0):
 garbage-first heap   total 65536K, used 6144K [0x00000000fc000000, 0x0000000100000000)
  region size 1024K, 6 young (6144K), 0 survivors (0K)
 Metaspace       used 1628K, committed 1792K, reserved 1114112K
  class space    used 155K, committed 192K, reserved 1048576K
}
Event: 3.008 GC heap after
{Heap after GC invocations=1 (full 0):
 garbage-first heap   total 65536K, used 1214K [0x00000000fc000000, 0x0000000100000000)
  region size 1024K, 1 young (1024K), 1 survivors (1024K)
 Metaspace       used 1628K, committed 1792K, reserved 1114112K
  class space    used 155K, committed 192K, reserved 1048576K
}
Event: 3.278 GC heap before
{Heap before GC invocations=1 (full 0):
 garbage-first heap   total 65536K, used 6334K [0x00000000fc000000, 0x0000000100000000)
  region size 1024K, 7 young (7168K), 1 survivors (1024K)
 Metaspace       used 1662K, committed 1792K, reserved 1114112K
  class space    used 155K, committed 192K, reserved 1048576K
}
Event: 3.281 GC heap after
{Heap after GC invocations=2 (full 0):
 garbage-first heap   total 65536K, used 1603K [0x00000000fc000000, 0x0000000100000000)
  region size 1024K, 1 young (1024K), 1 survivors (1024K)
 Metaspace       used 1662K, committed 1792K, reserved 1114112K
  class space    used 155K, committed 192K, reserved 1048576K
}
Event: 4.769 GC heap before
{Heap before GC invocations=2 (full 0):
 garbage-first heap   total 65536K, used 13891K [0x00000000fc000000, 0x0000000100000000)
  region size 1024K, 14 young (14336K), 1 survivors (1024K)
 Metaspace       used 1860K, committed 1984K, reserved 1114112K
  class space    used 160K, committed 192K, reserved 1048576K
}
Event: 4.773 GC heap after
{Heap after GC invocations=3 (full 0):
 garbage-first heap   total 65536K, used 3840K [0x00000000fc000000, 0x0000000100000000)
  region size 1024K, 2 young (2048K), 2 survivors (2048K)
 Metaspace       used 1860K, committed 1984K, reserved 1114112K
  class space    used 160K, committed 192K, reserved 1048576K
}
Event: 442.345 GC heap before
{Heap before GC invocations=3 (full 0):
 garbage-first heap   total 65536K, used 42752K [0x00000000fc000000, 0x0000000100000000)
  region size 1024K, 38 young (38912K), 2 survivors (2048K)
 Metaspace       used 9589K, committed 9792K, reserved 1114112K
  class space    used 1247K, committed 1344K, reserved 1048576K
}
Event: 442.542 GC heap after
{Heap after GC invocations=4 (full 0):
 garbage-first heap   total 65536K, used 11904K [0x00000000fc000000, 0x0000000100000000)
  region size 1024K, 5 young (5120K), 5 survivors (5120K)
 Metaspace       used 9589K, committed 9792K, reserved 1114112K
  class space    used 1247K, committed 1344K, reserved 1048576K
}

