# JRE version: Java(TM) SE Runtime Environment (17.0.12+8) (build 17.0.12+8-LTS-286)
# Java VM: Java HotSpot(TM) 64-Bit Server VM (17.0.12+8-LTS-286, mixed mode, sharing, tiered, compressed oops, compressed class ptrs, g1 gc, windows-amd64)
GC Precious Log:
 CPUs: 2 total, 2 available
 Memory: 3737M
 Large Page Support: Disabled
 NUMA Support: Disabled
 Compressed Oops: Enabled (32-bit)
 Heap Region Size: 1M
 Heap Min Capacity: 8M
 Heap Initial Capacity: 60M
 Heap Max Capacity: 1536M
 Pre-touch: Disabled
 Parallel Workers: 2
 Concurrent Workers: 1
 Concurrent Refinement Workers: 2
 Periodic GC: Disabled
Heap:
 garbage-first heap   total 352256K, used 296311K [0x00000000a0000000, 0x0000000100000000)
  region size 1024K, 40 young (40960K), 4 survivors (4096K)
 Metaspace       used 107750K, committed 109504K, reserved 557056K
  class space    used 15141K, committed 15936K, reserved 425984K
GC Heap History (20 events):
Event: 205.368 GC heap before
{Heap before GC invocations=106 (full 0):
 garbage-first heap   total 301056K, used 258718K [0x00000000a0000000, 0x0000000100000000)
  region size 1024K, 33 young (33792K), 3 survivors (3072K)
 Metaspace       used 106983K, committed 108544K, reserved 557056K
  class space    used 15013K, committed 15744K, reserved 425984K
}
Event: 205.379 GC heap after
{Heap after GC invocations=107 (full 0):
 garbage-first heap   total 301056K, used 228583K [0x00000000a0000000, 0x0000000100000000)
  region size 1024K, 3 young (3072K), 3 survivors (3072K)
 Metaspace       used 106983K, committed 108544K, reserved 557056K
  class space    used 15013K, committed 15744K, reserved 425984K
}
Event: 206.493 GC heap before
{Heap before GC invocations=107 (full 0):
 garbage-first heap   total 301056K, used 261351K [0x00000000a0000000, 0x0000000100000000)
  region size 1024K, 33 young (33792K), 3 survivors (3072K)
 Metaspace       used 107112K, committed 108736K, reserved 557056K
  class space    used 15032K, committed 15808K, reserved 425984K
}
Event: 206.547 GC heap after
{Heap after GC invocations=108 (full 0):
 garbage-first heap   total 301056K, used 236872K [0x00000000a0000000, 0x0000000100000000)
  region size 1024K, 5 young (5120K), 5 survivors (5120K)
 Metaspace       used 107112K, committed 108736K, reserved 557056K
  class space    used 15032K, committed 15808K, reserved 425984K
}
Event: 208.816 GC heap before
{Heap before GC invocations=108 (full 0):
 garbage-first heap   total 301056K, used 257352K [0x00000000a0000000, 0x0000000100000000)
  region size 1024K, 25 young (25600K), 5 survivors (5120K)
 Metaspace       used 107344K, committed 109056K, reserved 557056K
  class space    used 15083K, committed 15872K, reserved 425984K
}
Event: 208.842 GC heap after
{Heap after GC invocations=109 (full 0):
 garbage-first heap   total 301056K, used 240480K [0x00000000a0000000, 0x0000000100000000)
  region size 1024K, 4 young (4096K), 4 survivors (4096K)
 Metaspace       used 107344K, committed 109056K, reserved 557056K
  class space    used 15083K, committed 15872K, reserved 425984K
}
Event: 209.509 GC heap before
{Heap before GC invocations=109 (full 0):
 garbage-first heap   total 301056K, used 257888K [0x00000000a0000000, 0x0000000100000000)
  region size 1024K, 21 young (21504K), 4 survivors (4096K)
 Metaspace       used 107344K, committed 109056K, reserved 557056K
  class space    used 15083K, committed 15872K, reserved 425984K
}
Event: 209.531 GC heap after
{Heap after GC invocations=110 (full 0):
 garbage-first heap   total 301056K, used 242948K [0x00000000a0000000, 0x0000000100000000)
  region size 1024K, 3 young (3072K), 3 survivors (3072K)
 Metaspace       used 107344K, committed 109056K, reserved 557056K
  class space    used 15083K, committed 15872K, reserved 425984K
}
Event: 209.846 GC heap before
{Heap before GC invocations=110 (full 0):
 garbage-first heap   total 301056K, used 258308K [0x00000000a0000000, 0x0000000100000000)
  region size 1024K, 19 young (19456K), 3 survivors (3072K)
 Metaspace       used 107346K, committed 109056K, reserved 557056K
  class space    used 15083K, committed 15872K, reserved 425984K
}
Event: 209.860 GC heap after
{Heap after GC invocations=111 (full 0):
 garbage-first heap   total 352256K, used 243114K [0x00000000a0000000, 0x0000000100000000)
  region size 1024K, 3 young (3072K), 3 survivors (3072K)
 Metaspace       used 107346K, committed 109056K, reserved 557056K
  class space    used 15083K, committed 15872K, reserved 425984K
}
Event: 213.315 GC heap before
{Heap before GC invocations=111 (full 0):
 garbage-first heap   total 352256K, used 297386K [0x00000000a0000000, 0x0000000100000000)
  region size 1024K, 57 young (58368K), 3 survivors (3072K)
 Metaspace       used 107346K, committed 109056K, reserved 557056K
  class space    used 15083K, committed 15872K, reserved 425984K
}
Event: 213.342 GC heap after
{Heap after GC invocations=112 (full 0):
 garbage-first heap   total 352256K, used 244071K [0x00000000a0000000, 0x0000000100000000)
  region size 1024K, 4 young (4096K), 4 survivors (4096K)
 Metaspace       used 107346K, committed 109056K, reserved 557056K
  class space    used 15083K, committed 15872K, reserved 425984K
}
Event: 215.748 GC heap before
{Heap before GC invocations=112 (full 0):
 garbage-first heap   total 352256K, used 299367K [0x00000000a0000000, 0x0000000100000000)
  region size 1024K, 59 young (60416K), 4 survivors (4096K)
 Metaspace       used 107346K, committed 109056K, reserved 557056K
  class space    used 15083K, committed 15872K, reserved 425984K
}
Event: 215.763 GC heap after
{Heap after GC invocations=113 (full 0):
 garbage-first heap   total 352256K, used 245227K [0x00000000a0000000, 0x0000000100000000)
  region size 1024K, 5 young (5120K), 5 survivors (5120K)
 Metaspace       used 107346K, committed 109056K, reserved 557056K
  class space    used 15083K, committed 15872K, reserved 425984K
}
Event: 220.460 GC heap before
{Heap before GC invocations=113 (full 0):
 garbage-first heap   total 352256K, used 305643K [0x00000000a0000000, 0x0000000100000000)
  region size 1024K, 61 young (62464K), 5 survivors (5120K)
 Metaspace       used 107648K, committed 109376K, reserved 557056K
  class space    used 15125K, committed 15936K, reserved 425984K
}
Event: 220.528 GC heap after
{Heap after GC invocations=114 (full 0):
 garbage-first heap   total 352256K, used 256889K [0x00000000a0000000, 0x0000000100000000)
  region size 1024K, 8 young (8192K), 8 survivors (8192K)
 Metaspace       used 107648K, committed 109376K, reserved 557056K
  class space    used 15125K, committed 15936K, reserved 425984K
}
Event: 221.976 GC heap before
{Heap before GC invocations=114 (full 0):
 garbage-first heap   total 352256K, used 299897K [0x00000000a0000000, 0x0000000100000000)
  region size 1024K, 50 young (51200K), 8 survivors (8192K)
 Metaspace       used 107648K, committed 109376K, reserved 557056K
  class space    used 15125K, committed 15936K, reserved 425984K
}
Event: 222.018 GC heap after
{Heap after GC invocations=115 (full 0):
 garbage-first heap   total 352256K, used 258423K [0x00000000a0000000, 0x0000000100000000)
  region size 1024K, 3 young (3072K), 3 survivors (3072K)
 Metaspace       used 107648K, committed 109376K, reserved 557056K
  class space    used 15125K, committed 15936K, reserved 425984K
}
Event: 223.651 GC heap before
{Heap before GC invocations=115 (full 0):
 garbage-first heap   total 352256K, used 301431K [0x00000000a0000000, 0x0000000100000000)
  region size 1024K, 45 young (46080K), 3 survivors (3072K)
 Metaspace       used 107648K, committed 109376K, reserved 557056K
  class space    used 15125K, committed 15936K, reserved 425984K
}
Event: 223.665 GC heap after
{Heap after GC invocations=116 (full 0):
 garbage-first heap   total 352256K, used 259447K [0x00000000a0000000, 0x0000000100000000)
  region size 1024K, 4 young (4096K), 4 survivors (4096K)
 Metaspace       used 107648K, committed 109376K, reserved 557056K
  class space    used 15125K, committed 15936K, reserved 425984K
}

