# JRE version: Java(TM) SE Runtime Environment (17.0.12+8) (build 17.0.12+8-LTS-286)
# Java VM: Java HotSpot(TM) 64-Bit Server VM (17.0.12+8-LTS-286, mixed mode, sharing, tiered, compressed oops, compressed class ptrs, g1 gc, windows-amd64)
GC Precious Log:
 CPUs: 2 total, 2 available
 Memory: 3737M
 Large Page Support: Disabled
 NUMA Support: Disabled
 Compressed Oops: Enabled (32-bit)
 Heap Region Size: 1M
 Heap Min Capacity: 8M
 Heap Initial Capacity: 60M
 Heap Max Capacity: 2G
 Pre-touch: Disabled
 Parallel Workers: 2
 Concurrent Workers: 1
 Concurrent Refinement Workers: 2
 Periodic GC: Disabled
Heap:
 garbage-first heap   total 508928K, used 453024K [0x0000000080000000, 0x0000000100000000)
  region size 1024K, 9 young (9216K), 3 survivors (3072K)
 Metaspace       used 169245K, committed 174080K, reserved 622592K
  class space    used 22357K, committed 24064K, reserved 425984K
GC Heap History (20 events):
Event: 2903.531 GC heap before
{Heap before GC invocations=182 (full 0):
 garbage-first heap   total 508928K, used 457008K [0x0000000080000000, 0x0000000100000000)
  region size 1024K, 32 young (32768K), 3 survivors (3072K)
 Metaspace       used 171866K, committed 174592K, reserved 622592K
  class space    used 22732K, committed 24000K, reserved 425984K
}
Event: 2903.667 GC heap after
{Heap after GC invocations=183 (full 0):
 garbage-first heap   total 508928K, used 436819K [0x0000000080000000, 0x0000000100000000)
  region size 1024K, 4 young (4096K), 4 survivors (4096K)
 Metaspace       used 171866K, committed 174592K, reserved 622592K
  class space    used 22732K, committed 24000K, reserved 425984K
}
Event: 2910.948 GC heap before
{Heap before GC invocations=183 (full 0):
 garbage-first heap   total 508928K, used 456275K [0x0000000080000000, 0x0000000100000000)
  region size 1024K, 24 young (24576K), 4 survivors (4096K)
 Metaspace       used 171978K, committed 174720K, reserved 622592K
  class space    used 22738K, committed 24000K, reserved 425984K
}
Event: 2910.985 GC heap after
{Heap after GC invocations=184 (full 0):
 garbage-first heap   total 508928K, used 436655K [0x0000000080000000, 0x0000000100000000)
  region size 1024K, 3 young (3072K), 3 survivors (3072K)
 Metaspace       used 171978K, committed 174720K, reserved 622592K
  class space    used 22738K, committed 24000K, reserved 425984K
}
Event: 2912.920 GC heap before
{Heap before GC invocations=184 (full 0):
 garbage-first heap   total 508928K, used 457135K [0x0000000080000000, 0x0000000100000000)
  region size 1024K, 24 young (24576K), 3 survivors (3072K)
 Metaspace       used 172017K, committed 174720K, reserved 622592K
  class space    used 22741K, committed 24000K, reserved 425984K
}
Event: 2912.937 GC heap after
{Heap after GC invocations=185 (full 0):
 garbage-first heap   total 508928K, used 437413K [0x0000000080000000, 0x0000000100000000)
  region size 1024K, 1 young (1024K), 1 survivors (1024K)
 Metaspace       used 172017K, committed 174720K, reserved 622592K
  class space    used 22741K, committed 24000K, reserved 425984K
}
Event: 2915.902 GC heap before
{Heap before GC invocations=185 (full 0):
 garbage-first heap   total 508928K, used 459941K [0x0000000080000000, 0x0000000100000000)
  region size 1024K, 24 young (24576K), 1 survivors (1024K)
 Metaspace       used 172026K, committed 174720K, reserved 622592K
  class space    used 22742K, committed 24000K, reserved 425984K
}
Event: 2915.907 GC heap after
{Heap after GC invocations=186 (full 0):
 garbage-first heap   total 508928K, used 437194K [0x0000000080000000, 0x0000000100000000)
  region size 1024K, 1 young (1024K), 1 survivors (1024K)
 Metaspace       used 172026K, committed 174720K, reserved 622592K
  class space    used 22742K, committed 24000K, reserved 425984K
}
Event: 2926.465 GC heap before
{Heap before GC invocations=186 (full 0):
 garbage-first heap   total 508928K, used 465866K [0x0000000080000000, 0x0000000100000000)
  region size 1024K, 24 young (24576K), 1 survivors (1024K)
 Metaspace       used 172295K, committed 175040K, reserved 622592K
  class space    used 22762K, committed 24064K, reserved 425984K
}
Event: 2926.492 GC heap after
{Heap after GC invocations=187 (full 0):
 garbage-first heap   total 508928K, used 446388K [0x0000000080000000, 0x0000000100000000)
  region size 1024K, 3 young (3072K), 3 survivors (3072K)
 Metaspace       used 172295K, committed 175040K, reserved 622592K
  class space    used 22762K, committed 24064K, reserved 425984K
}
Event: 2932.172 GC heap before
{Heap before GC invocations=187 (full 0):
 garbage-first heap   total 508928K, used 467892K [0x0000000080000000, 0x0000000100000000)
  region size 1024K, 24 young (24576K), 3 survivors (3072K)
 Metaspace       used 172370K, committed 175168K, reserved 622592K
  class space    used 22762K, committed 24064K, reserved 425984K
}
Event: 2932.206 GC heap after
{Heap after GC invocations=188 (full 0):
 garbage-first heap   total 508928K, used 452314K [0x0000000080000000, 0x0000000100000000)
  region size 1024K, 3 young (3072K), 3 survivors (3072K)
 Metaspace       used 172370K, committed 175168K, reserved 622592K
  class space    used 22762K, committed 24064K, reserved 425984K
}
Event: 2934.493 GC heap before
{Heap before GC invocations=188 (full 0):
 garbage-first heap   total 508928K, used 472794K [0x0000000080000000, 0x0000000100000000)
  region size 1024K, 24 young (24576K), 3 survivors (3072K)
 Metaspace       used 172404K, committed 175168K, reserved 622592K
  class space    used 22766K, committed 24064K, reserved 425984K
}
Event: 2934.517 GC heap after
{Heap after GC invocations=189 (full 0):
 garbage-first heap   total 508928K, used 452118K [0x0000000080000000, 0x0000000100000000)
  region size 1024K, 3 young (3072K), 3 survivors (3072K)
 Metaspace       used 172404K, committed 175168K, reserved 622592K
  class space    used 22766K, committed 24064K, reserved 425984K
}
Event: 2942.294 GC heap before
{Heap before GC invocations=189 (full 0):
 garbage-first heap   total 508928K, used 469526K [0x0000000080000000, 0x0000000100000000)
  region size 1024K, 18 young (18432K), 3 survivors (3072K)
 Metaspace       used 172665K, committed 175424K, reserved 622592K
  class space    used 22786K, committed 24064K, reserved 425984K
}
Event: 2942.334 GC heap after
{Heap after GC invocations=190 (full 0):
 garbage-first heap   total 508928K, used 456297K [0x0000000080000000, 0x0000000100000000)
  region size 1024K, 3 young (3072K), 3 survivors (3072K)
 Metaspace       used 172665K, committed 175424K, reserved 622592K
  class space    used 22786K, committed 24064K, reserved 425984K
}
Event: 2946.051 GC heap before
{Heap before GC invocations=190 (full 0):
 garbage-first heap   total 508928K, used 479849K [0x0000000080000000, 0x0000000100000000)
  region size 1024K, 24 young (24576K), 3 survivors (3072K)
 Metaspace       used 172710K, committed 175424K, reserved 622592K
  class space    used 22786K, committed 24064K, reserved 425984K
}
Event: 2946.144 GC heap after
{Heap after GC invocations=191 (full 0):
 garbage-first heap   total 508928K, used 464681K [0x0000000080000000, 0x0000000100000000)
  region size 1024K, 3 young (3072K), 3 survivors (3072K)
 Metaspace       used 172710K, committed 175424K, reserved 622592K
  class space    used 22786K, committed 24064K, reserved 425984K
}
Event: 2948.797 GC heap before
{Heap before GC invocations=191 (full 0):
 garbage-first heap   total 508928K, used 486185K [0x0000000080000000, 0x0000000100000000)
  region size 1024K, 24 young (24576K), 3 survivors (3072K)
 Metaspace       used 172739K, committed 175488K, reserved 622592K
  class space    used 22786K, committed 24064K, reserved 425984K
}
Event: 2948.837 GC heap after
{Heap after GC invocations=192 (full 0):
 garbage-first heap   total 508928K, used 466336K [0x0000000080000000, 0x0000000100000000)
  region size 1024K, 3 young (3072K), 3 survivors (3072K)
 Metaspace       used 172739K, committed 175488K, reserved 622592K
  class space    used 22786K, committed 24064K, reserved 425984K
}

