# JRE version: Java(TM) SE Runtime Environment (17.0.12+8) (build 17.0.12+8-LTS-286)
# Java VM: Java HotSpot(TM) 64-Bit Server VM (17.0.12+8-LTS-286, mixed mode, sharing, tiered, compressed oops, compressed class ptrs, g1 gc, windows-amd64)
GC Precious Log:
 CPUs: 2 total, 2 available
 Memory: 3737M
 Large Page Support: Disabled
 NUMA Support: Disabled
 Compressed Oops: Enabled (32-bit)
 Heap Region Size: 1M
 Heap Min Capacity: 8M
 Heap Initial Capacity: 60M
 Heap Max Capacity: 1536M
 Pre-touch: Disabled
 Parallel Workers: 2
 Concurrent Workers: 1
 Concurrent Refinement Workers: 2
 Periodic GC: Disabled
Heap:
 garbage-first heap   total 61440K, used 25376K [0x00000000a0000000, 0x0000000100000000)
  region size 1024K, 8 young (8192K), 2 survivors (2048K)
 Metaspace       used 14721K, committed 14976K, reserved 491520K
  class space    used 2010K, committed 2112K, reserved 425984K
GC Heap History (14 events):
Event: 2.104 GC heap before
{Heap before GC invocations=0 (full 0):
 garbage-first heap   total 61440K, used 6144K [0x00000000a0000000, 0x0000000100000000)
  region size 1024K, 6 young (6144K), 0 survivors (0K)
 Metaspace       used 713K, committed 832K, reserved 491520K
  class space    used 61K, committed 128K, reserved 425984K
}
Event: 2.175 GC heap after
{Heap after GC invocations=1 (full 0):
 garbage-first heap   total 61440K, used 995K [0x00000000a0000000, 0x0000000100000000)
  region size 1024K, 1 young (1024K), 1 survivors (1024K)
 Metaspace       used 713K, committed 832K, reserved 491520K
  class space    used 61K, committed 128K, reserved 425984K
}
Event: 2.590 GC heap before
{Heap before GC invocations=1 (full 0):
 garbage-first heap   total 61440K, used 6115K [0x00000000a0000000, 0x0000000100000000)
  region size 1024K, 7 young (7168K), 1 survivors (1024K)
 Metaspace       used 773K, committed 896K, reserved 491520K
  class space    used 61K, committed 128K, reserved 425984K
}
Event: 2.593 GC heap after
{Heap after GC invocations=2 (full 0):
 garbage-first heap   total 61440K, used 1324K [0x00000000a0000000, 0x0000000100000000)
  region size 1024K, 1 young (1024K), 1 survivors (1024K)
 Metaspace       used 773K, committed 896K, reserved 491520K
  class space    used 61K, committed 128K, reserved 425984K
}
Event: 4.541 GC heap before
{Heap before GC invocations=2 (full 0):
 garbage-first heap   total 61440K, used 14636K [0x00000000a0000000, 0x0000000100000000)
  region size 1024K, 15 young (15360K), 1 survivors (1024K)
 Metaspace       used 1122K, committed 1280K, reserved 491520K
  class space    used 72K, committed 128K, reserved 425984K
}
Event: 4.546 GC heap after
{Heap after GC invocations=3 (full 0):
 garbage-first heap   total 61440K, used 4794K [0x00000000a0000000, 0x0000000100000000)
  region size 1024K, 2 young (2048K), 2 survivors (2048K)
 Metaspace       used 1122K, committed 1280K, reserved 491520K
  class space    used 72K, committed 128K, reserved 425984K
}
Event: 8.067 GC heap before
{Heap before GC invocations=3 (full 0):
 garbage-first heap   total 61440K, used 42682K [0x00000000a0000000, 0x0000000100000000)
  region size 1024K, 36 young (36864K), 2 survivors (2048K)
 Metaspace       used 4578K, committed 4736K, reserved 491520K
  class space    used 570K, committed 640K, reserved 425984K
}
Event: 8.076 GC heap after
{Heap after GC invocations=4 (full 0):
 garbage-first heap   total 61440K, used 11118K [0x00000000a0000000, 0x0000000100000000)
  region size 1024K, 5 young (5120K), 5 survivors (5120K)
 Metaspace       used 4578K, committed 4736K, reserved 491520K
  class space    used 570K, committed 640K, reserved 425984K
}
Event: 9.436 GC heap before
{Heap before GC invocations=4 (full 0):
 garbage-first heap   total 61440K, used 44910K [0x00000000a0000000, 0x0000000100000000)
  region size 1024K, 36 young (36864K), 5 survivors (5120K)
 Metaspace       used 4626K, committed 4800K, reserved 491520K
  class space    used 570K, committed 640K, reserved 425984K
}
Event: 9.448 GC heap after
{Heap after GC invocations=5 (full 0):
 garbage-first heap   total 61440K, used 14499K [0x00000000a0000000, 0x0000000100000000)
  region size 1024K, 2 young (2048K), 2 survivors (2048K)
 Metaspace       used 4626K, committed 4800K, reserved 491520K
  class space    used 570K, committed 640K, reserved 425984K
}
Event: 13.834 GC heap before
{Heap before GC invocations=5 (full 0):
 garbage-first heap   total 61440K, used 45219K [0x00000000a0000000, 0x0000000100000000)
  region size 1024K, 32 young (32768K), 2 survivors (2048K)
 Metaspace       used 9309K, committed 9600K, reserved 491520K
  class space    used 1233K, committed 1344K, reserved 425984K
}
Event: 13.844 GC heap after
{Heap after GC invocations=6 (full 0):
 garbage-first heap   total 61440K, used 19281K [0x00000000a0000000, 0x0000000100000000)
  region size 1024K, 4 young (4096K), 4 survivors (4096K)
 Metaspace       used 9309K, committed 9600K, reserved 491520K
  class space    used 1233K, committed 1344K, reserved 425984K
}
Event: 16.539 GC heap before
{Heap before GC invocations=6 (full 0):
 garbage-first heap   total 61440K, used 46929K [0x00000000a0000000, 0x0000000100000000)
  region size 1024K, 31 young (31744K), 4 survivors (4096K)
 Metaspace       used 13754K, committed 14016K, reserved 491520K
  class space    used 1902K, committed 2048K, reserved 425984K
}
Event: 16.551 GC heap after
{Heap after GC invocations=7 (full 0):
 garbage-first heap   total 61440K, used 21280K [0x00000000a0000000, 0x0000000100000000)
  region size 1024K, 2 young (2048K), 2 survivors (2048K)
 Metaspace       used 13754K, committed 14016K, reserved 491520K
  class space    used 1902K, committed 2048K, reserved 425984K
}

