# JRE version: Java(TM) SE Runtime Environment (17.0.12+8) (build 17.0.12+8-LTS-286)
# Java VM: Java HotSpot(TM) 64-Bit Server VM (17.0.12+8-LTS-286, mixed mode, sharing, tiered, compressed oops, compressed class ptrs, g1 gc, windows-amd64)
GC Precious Log:
 CPUs: 2 total, 2 available
 Memory: 3737M
 Large Page Support: Disabled
 NUMA Support: Disabled
 Compressed Oops: Enabled (32-bit)
 Heap Region Size: 1M
 Heap Min Capacity: 64M
 Heap Initial Capacity: 64M
 Heap Max Capacity: 64M
 Pre-touch: Disabled
 Parallel Workers: 2
 Concurrent Workers: 1
 Concurrent Refinement Workers: 2
 Periodic GC: Disabled
Heap:
 garbage-first heap   total 65536K, used 15081K [0x00000000fc000000, 0x0000000100000000)
  region size 1024K, 8 young (8192K), 5 survivors (5120K)
 Metaspace       used 9985K, committed 10176K, reserved 1114112K
  class space    used 1308K, committed 1408K, reserved 1048576K
GC Heap History (8 events):
Event: 5.576 GC heap before
{Heap before GC invocations=0 (full 0):
 garbage-first heap   total 65536K, used 6144K [0x00000000fc000000, 0x0000000100000000)
  region size 1024K, 6 young (6144K), 0 survivors (0K)
 Metaspace       used 1619K, committed 1728K, reserved 1114112K
  class space    used 155K, committed 192K, reserved 1048576K
}
Event: 5.919 GC heap after
{Heap after GC invocations=1 (full 0):
 garbage-first heap   total 65536K, used 1219K [0x00000000fc000000, 0x0000000100000000)
  region size 1024K, 1 young (1024K), 1 survivors (1024K)
 Metaspace       used 1619K, committed 1728K, reserved 1114112K
  class space    used 155K, committed 192K, reserved 1048576K
}
Event: 6.780 GC heap before
{Heap before GC invocations=1 (full 0):
 garbage-first heap   total 65536K, used 6339K [0x00000000fc000000, 0x0000000100000000)
  region size 1024K, 7 young (7168K), 1 survivors (1024K)
 Metaspace       used 1656K, committed 1792K, reserved 1114112K
  class space    used 155K, committed 192K, reserved 1048576K
}
Event: 6.783 GC heap after
{Heap after GC invocations=2 (full 0):
 garbage-first heap   total 65536K, used 1612K [0x00000000fc000000, 0x0000000100000000)
  region size 1024K, 1 young (1024K), 1 survivors (1024K)
 Metaspace       used 1656K, committed 1792K, reserved 1114112K
  class space    used 155K, committed 192K, reserved 1048576K
}
Event: 8.049 GC heap before
{Heap before GC invocations=2 (full 0):
 garbage-first heap   total 65536K, used 13900K [0x00000000fc000000, 0x0000000100000000)
  region size 1024K, 14 young (14336K), 1 survivors (1024K)
 Metaspace       used 1847K, committed 1984K, reserved 1114112K
  class space    used 160K, committed 192K, reserved 1048576K
}
Event: 8.054 GC heap after
{Heap after GC invocations=3 (full 0):
 garbage-first heap   total 65536K, used 3496K [0x00000000fc000000, 0x0000000100000000)
  region size 1024K, 2 young (2048K), 2 survivors (2048K)
 Metaspace       used 1847K, committed 1984K, reserved 1114112K
  class space    used 160K, committed 192K, reserved 1048576K
}
Event: 19.504 GC heap before
{Heap before GC invocations=3 (full 0):
 garbage-first heap   total 65536K, used 42408K [0x00000000fc000000, 0x0000000100000000)
  region size 1024K, 38 young (38912K), 2 survivors (2048K)
 Metaspace       used 9051K, committed 9280K, reserved 1114112K
  class space    used 1203K, committed 1280K, reserved 1048576K
}
Event: 19.534 GC heap after
{Heap after GC invocations=4 (full 0):
 garbage-first heap   total 65536K, used 13033K [0x00000000fc000000, 0x0000000100000000)
  region size 1024K, 5 young (5120K), 5 survivors (5120K)
 Metaspace       used 9051K, committed 9280K, reserved 1114112K
  class space    used 1203K, committed 1280K, reserved 1048576K
}

