# JRE version: Java(TM) SE Runtime Environment (17.0.12+8) (build 17.0.12+8-LTS-286)
# Java VM: Java HotSpot(TM) 64-Bit Server VM (17.0.12+8-LTS-286, mixed mode, sharing, tiered, compressed oops, compressed class ptrs, g1 gc, windows-amd64)
GC Precious Log:
 CPUs: 2 total, 2 available
 Memory: 3737M
 Large Page Support: Disabled
 NUMA Support: Disabled
 Compressed Oops: Enabled (32-bit)
 Heap Region Size: 1M
 Heap Min Capacity: 8M
 Heap Initial Capacity: 60M
 Heap Max Capacity: 1536M
 Pre-touch: Disabled
 Parallel Workers: 2
 Concurrent Workers: 1
 Concurrent Refinement Workers: 2
 Periodic GC: Disabled
Heap:
 garbage-first heap   total 304128K, used 262443K [0x00000000a0000000, 0x0000000100000000)
  region size 1024K, 4 young (4096K), 2 survivors (2048K)
 Metaspace       used 108704K, committed 110464K, reserved 557056K
  class space    used 15275K, committed 16128K, reserved 425984K
GC Heap History (20 events):
Event: 450.090 GC heap before
{Heap before GC invocations=118 (full 0):
 garbage-first heap   total 304128K, used 265080K [0x00000000a0000000, 0x0000000100000000)
  region size 1024K, 15 young (15360K), 3 survivors (3072K)
 Metaspace       used 108702K, committed 110464K, reserved 557056K
  class space    used 15275K, committed 16128K, reserved 425984K
}
Event: 450.104 GC heap after
{Heap after GC invocations=119 (full 0):
 garbage-first heap   total 304128K, used 254735K [0x00000000a0000000, 0x0000000100000000)
  region size 1024K, 2 young (2048K), 2 survivors (2048K)
 Metaspace       used 108702K, committed 110464K, reserved 557056K
  class space    used 15275K, committed 16128K, reserved 425984K
}
Event: 450.525 GC heap before
{Heap before GC invocations=119 (full 0):
 garbage-first heap   total 304128K, used 267023K [0x00000000a0000000, 0x0000000100000000)
  region size 1024K, 14 young (14336K), 2 survivors (2048K)
 Metaspace       used 108702K, committed 110464K, reserved 557056K
  class space    used 15275K, committed 16128K, reserved 425984K
}
Event: 450.540 GC heap after
{Heap after GC invocations=120 (full 0):
 garbage-first heap   total 304128K, used 257258K [0x00000000a0000000, 0x0000000100000000)
  region size 1024K, 2 young (2048K), 2 survivors (2048K)
 Metaspace       used 108702K, committed 110464K, reserved 557056K
  class space    used 15275K, committed 16128K, reserved 425984K
}
Event: 450.977 GC heap before
{Heap before GC invocations=120 (full 0):
 garbage-first heap   total 304128K, used 268522K [0x00000000a0000000, 0x0000000100000000)
  region size 1024K, 14 young (14336K), 2 survivors (2048K)
 Metaspace       used 108703K, committed 110464K, reserved 557056K
  class space    used 15275K, committed 16128K, reserved 425984K
}
Event: 450.986 GC heap after
{Heap after GC invocations=121 (full 0):
 garbage-first heap   total 304128K, used 258048K [0x00000000a0000000, 0x0000000100000000)
  region size 1024K, 2 young (2048K), 2 survivors (2048K)
 Metaspace       used 108703K, committed 110464K, reserved 557056K
  class space    used 15275K, committed 16128K, reserved 425984K
}
Event: 451.410 GC heap before
{Heap before GC invocations=121 (full 0):
 garbage-first heap   total 304128K, used 269312K [0x00000000a0000000, 0x0000000100000000)
  region size 1024K, 14 young (14336K), 2 survivors (2048K)
 Metaspace       used 108703K, committed 110464K, reserved 557056K
  class space    used 15275K, committed 16128K, reserved 425984K
}
Event: 451.421 GC heap after
{Heap after GC invocations=122 (full 0):
 garbage-first heap   total 304128K, used 258817K [0x00000000a0000000, 0x0000000100000000)
  region size 1024K, 2 young (2048K), 2 survivors (2048K)
 Metaspace       used 108703K, committed 110464K, reserved 557056K
  class space    used 15275K, committed 16128K, reserved 425984K
}
Event: 452.911 GC heap before
{Heap before GC invocations=122 (full 0):
 garbage-first heap   total 304128K, used 271105K [0x00000000a0000000, 0x0000000100000000)
  region size 1024K, 14 young (14336K), 2 survivors (2048K)
 Metaspace       used 108704K, committed 110464K, reserved 557056K
  class space    used 15275K, committed 16128K, reserved 425984K
}
Event: 452.925 GC heap after
{Heap after GC invocations=123 (full 0):
 garbage-first heap   total 304128K, used 259504K [0x00000000a0000000, 0x0000000100000000)
  region size 1024K, 2 young (2048K), 2 survivors (2048K)
 Metaspace       used 108704K, committed 110464K, reserved 557056K
  class space    used 15275K, committed 16128K, reserved 425984K
}
Event: 453.838 GC heap before
{Heap before GC invocations=123 (full 0):
 garbage-first heap   total 304128K, used 270768K [0x00000000a0000000, 0x0000000100000000)
  region size 1024K, 14 young (14336K), 2 survivors (2048K)
 Metaspace       used 108704K, committed 110464K, reserved 557056K
  class space    used 15275K, committed 16128K, reserved 425984K
}
Event: 453.850 GC heap after
{Heap after GC invocations=124 (full 0):
 garbage-first heap   total 304128K, used 260057K [0x00000000a0000000, 0x0000000100000000)
  region size 1024K, 2 young (2048K), 2 survivors (2048K)
 Metaspace       used 108704K, committed 110464K, reserved 557056K
  class space    used 15275K, committed 16128K, reserved 425984K
}
Event: 454.578 GC heap before
{Heap before GC invocations=124 (full 0):
 garbage-first heap   total 304128K, used 271321K [0x00000000a0000000, 0x0000000100000000)
  region size 1024K, 14 young (14336K), 2 survivors (2048K)
 Metaspace       used 108704K, committed 110464K, reserved 557056K
  class space    used 15275K, committed 16128K, reserved 425984K
}
Event: 454.595 GC heap after
{Heap after GC invocations=125 (full 0):
 garbage-first heap   total 304128K, used 260636K [0x00000000a0000000, 0x0000000100000000)
  region size 1024K, 2 young (2048K), 2 survivors (2048K)
 Metaspace       used 108704K, committed 110464K, reserved 557056K
  class space    used 15275K, committed 16128K, reserved 425984K
}
Event: 455.143 GC heap before
{Heap before GC invocations=125 (full 0):
 garbage-first heap   total 304128K, used 271900K [0x00000000a0000000, 0x0000000100000000)
  region size 1024K, 14 young (14336K), 2 survivors (2048K)
 Metaspace       used 108704K, committed 110464K, reserved 557056K
  class space    used 15275K, committed 16128K, reserved 425984K
}
Event: 455.304 GC heap after
{Heap after GC invocations=126 (full 0):
 garbage-first heap   total 304128K, used 261383K [0x00000000a0000000, 0x0000000100000000)
  region size 1024K, 2 young (2048K), 2 survivors (2048K)
 Metaspace       used 108704K, committed 110464K, reserved 557056K
  class space    used 15275K, committed 16128K, reserved 425984K
}
Event: 456.920 GC heap before
{Heap before GC invocations=126 (full 0):
 garbage-first heap   total 304128K, used 272647K [0x00000000a0000000, 0x0000000100000000)
  region size 1024K, 14 young (14336K), 2 survivors (2048K)
 Metaspace       used 108704K, committed 110464K, reserved 557056K
  class space    used 15275K, committed 16128K, reserved 425984K
}
Event: 456.938 GC heap after
{Heap after GC invocations=127 (full 0):
 garbage-first heap   total 304128K, used 261905K [0x00000000a0000000, 0x0000000100000000)
  region size 1024K, 2 young (2048K), 2 survivors (2048K)
 Metaspace       used 108704K, committed 110464K, reserved 557056K
  class space    used 15275K, committed 16128K, reserved 425984K
}
Event: 457.731 GC heap before
{Heap before GC invocations=127 (full 0):
 garbage-first heap   total 304128K, used 274193K [0x00000000a0000000, 0x0000000100000000)
  region size 1024K, 14 young (14336K), 2 survivors (2048K)
 Metaspace       used 108704K, committed 110464K, reserved 557056K
  class space    used 15275K, committed 16128K, reserved 425984K
}
Event: 457.745 GC heap after
{Heap after GC invocations=128 (full 0):
 garbage-first heap   total 304128K, used 262443K [0x00000000a0000000, 0x0000000100000000)
  region size 1024K, 2 young (2048K), 2 survivors (2048K)
 Metaspace       used 108704K, committed 110464K, reserved 557056K
  class space    used 15275K, committed 16128K, reserved 425984K
}

